2022-06-30 09:58:24.334 | INFO     | __main__:login:22 - 本次登录获取token为:{'Authorization': 'bearer 18a8d0e0-81e9-4ab3-9aad-b2062f55193c'}
2022-06-30 09:58:24.497 | INFO     | __main__:add_patient:61 - 添加患者接口请求参数为:{'age': 18, 'deviceId': 'B151125240129999', 'month': 0, 'name': '华强测试', 'phone': '13622220000', 'sex': 0, 'termClinicId': 1442082995943571458}
2022-06-30 09:58:24.497 | INFO     | __main__:add_patient:62 - 添加患者接口响应参数为:{"busiCode":0,"msg":"请求成功","data":{"patientId":"1542326658041958402"}}
2022-06-30 09:58:25.408 | INFO     | __main__:start_check:74 - 开始检测接口请求参数为：{'clinicId': 1442082995943571458, 'file': None, 'sno': 'B151125240129999'}
2022-06-30 09:58:25.409 | INFO     | __main__:start_check:75 - 开始检测接口响应内容为:{"busiCode":0,"msg":"请求成功","data":{"stripTypeCode":"18","stripBatch":"2","testPoctDataId":["1542326661282967553","1542326661442351105"],"imgUrl":"https://publicmedia.ehomepoct.com/crpsaa.png","reactTime":5,"warningTips":null,"stripName":"CRP+SAA双联试纸检测(II)"}}
2022-06-30 09:58:27.804 | INFO     | __main__:create_order_main:92 - 生成订单接口请求参数为：{'addressDetail': '湖南省长沙市雨花区华坤时代', 'briefAddress': '湖南省长沙市雨花区雨河路279号靠近湘府路站', 'clinicId': 1442082995943571458, 'latitude': 0, 'longitude': 0, 'patientId': '1542326658041958402', 'position': '湖南省长沙市雨花区华坤时代', 'sno': 'B151125240129999', 'testDataIds': ['1542326661282967553', '1542326661442351105']}
2022-06-30 09:58:27.804 | INFO     | __main__:create_order_main:93 - 生成订单接口响应内容为:{"busiCode":0,"msg":"请求成功","data":{"orderNo":"B1511252401299992206300958262586","orderPrice":0.01,"orderOriginalPrice":0.01,"orderDiscounts":0.00,"orderStatus":0,"payUrl":"https://qr.95516.com/48020000/10VA2206305805827091992319","needPay":true,"showMoney":true,"showQrCode":true}}
2022-06-30 10:21:54.441 | INFO     | __main__:login:22 - 本次登录获取token为:{'Authorization': 'bearer 18a8d0e0-81e9-4ab3-9aad-b2062f55193c'}
2022-06-30 10:21:54.614 | INFO     | __main__:add_patient:61 - 添加患者接口请求参数为:{'age': 18, 'deviceId': 'B0121545656', 'month': 0, 'name': '华强测试', 'phone': '13622220000', 'sex': 0, 'termClinicId': 1542330732496855042}
2022-06-30 10:21:54.614 | INFO     | __main__:add_patient:62 - 添加患者接口响应参数为:{"busiCode":0,"msg":"请求成功","data":{"patientId":"1542332572530692098"}}
2022-06-30 10:21:55.786 | INFO     | __main__:start_check:74 - 开始检测接口请求参数为：{'clinicId': 1542330732496855042, 'file': None, 'sno': 'B0121545656'}
2022-06-30 10:21:55.786 | INFO     | __main__:start_check:75 - 开始检测接口响应内容为:{"busiCode":0,"msg":"请求成功","data":{"stripTypeCode":"18","stripBatch":"2","testPoctDataId":["1542332576128217090","1542332576283406338"],"imgUrl":"https://publicmedia.ehomepoct.com/crpsaa.png","reactTime":5,"warningTips":null,"stripName":"CRP+SAA双联试纸检测(II)"}}
2022-06-30 10:21:57.880 | INFO     | __main__:create_order_main:92 - 生成订单接口请求参数为：{'addressDetail': '湖南省长沙市雨花区华坤时代', 'briefAddress': '湖南省长沙市雨花区雨河路279号靠近湘府路站', 'clinicId': 1542330732496855042, 'latitude': 0, 'longitude': 0, 'patientId': '1542332572530692098', 'position': '湖南省长沙市雨花区华坤时代', 'sno': 'B0121545656', 'testDataIds': ['1542332576128217090', '1542332576283406338']}
2022-06-30 10:21:57.880 | INFO     | __main__:create_order_main:93 - 生成订单接口响应内容为:{"busiCode":0,"msg":"请求成功","data":{"orderNo":"B01215456562206301021566967","orderPrice":0.01,"orderOriginalPrice":0.01,"orderDiscounts":0.00,"orderStatus":0,"payUrl":"https://qr.95516.com/48020000/10VA2206301312158104515520","needPay":true,"showMoney":true,"showQrCode":true}}
2022-06-30 10:43:18.318 | INFO     | __main__:login:22 - 本次登录获取token为:{'Authorization': 'bearer 18a8d0e0-81e9-4ab3-9aad-b2062f55193c'}
2022-06-30 10:43:18.524 | INFO     | __main__:add_patient:61 - 添加患者接口请求参数为:{'age': 18, 'deviceId': 'B220052532000125', 'month': 0, 'name': '华强测试', 'phone': '13622220000', 'sex': 0, 'termClinicId': 1539857844116168705}
2022-06-30 10:43:18.525 | INFO     | __main__:add_patient:62 - 添加患者接口响应参数为:{"busiCode":0,"msg":"请求成功","data":{"patientId":"1542337957497061378"}}
2022-06-30 10:43:19.486 | INFO     | __main__:start_check:74 - 开始检测接口请求参数为：{'clinicId': 1539857844116168705, 'file': None, 'sno': 'B220052532000125'}
2022-06-30 10:43:19.487 | INFO     | __main__:start_check:75 - 开始检测接口响应内容为:{"busiCode":0,"msg":"请求成功","data":{"stripTypeCode":"18","stripBatch":"2","testPoctDataId":["1542337961175465985","1542337961334849537"],"imgUrl":"https://publicmedia.ehomepoct.com/crpsaa.png","reactTime":5,"warningTips":null,"stripName":"CRP+SAA双联试纸检测(II)"}}
2022-06-30 10:43:19.821 | INFO     | __main__:create_order_main:92 - 生成订单接口请求参数为：{'addressDetail': '湖南省长沙市雨花区华坤时代', 'briefAddress': '湖南省长沙市雨花区雨河路279号靠近湘府路站', 'clinicId': 1539857844116168705, 'latitude': 0, 'longitude': 0, 'patientId': '1542337957497061378', 'position': '湖南省长沙市雨花区华坤时代', 'sno': 'B220052532000125', 'testDataIds': ['1542337961175465985', '1542337961334849537']}
2022-06-30 10:43:19.821 | INFO     | __main__:create_order_main:93 - 生成订单接口响应内容为:{"busiCode":-1,"msg":"接口未知异常","data":null}
2022-06-30 10:47:43.390 | INFO     | __main__:login:22 - 本次登录获取token为:{'Authorization': 'bearer 18a8d0e0-81e9-4ab3-9aad-b2062f55193c'}
2022-06-30 10:47:43.564 | INFO     | __main__:add_patient:61 - 添加患者接口请求参数为:{'age': 18, 'deviceId': 'B220052532000125', 'month': 0, 'name': '华强测试', 'phone': '13622220000', 'sex': 0, 'termClinicId': 1539857844116168705}
2022-06-30 10:47:43.565 | INFO     | __main__:add_patient:62 - 添加患者接口响应参数为:{"busiCode":0,"msg":"请求成功","data":{"patientId":"1542339069310582785"}}
2022-06-30 10:47:44.466 | INFO     | __main__:start_check:74 - 开始检测接口请求参数为：{'clinicId': 1539857844116168705, 'file': None, 'sno': 'B220052532000125'}
2022-06-30 10:47:44.467 | INFO     | __main__:start_check:75 - 开始检测接口响应内容为:{"busiCode":0,"msg":"请求成功","data":{"stripTypeCode":"18","stripBatch":"2","testPoctDataId":["1542339072619761666","1542339072749785089"],"imgUrl":"https://publicmedia.ehomepoct.com/crpsaa.png","reactTime":5,"warningTips":null,"stripName":"CRP+SAA双联试纸检测(II)"}}
2022-06-30 10:47:47.069 | INFO     | __main__:create_order_main:92 - 生成订单接口请求参数为：{'addressDetail': '湖南省长沙市雨花区华坤时代', 'briefAddress': '湖南省长沙市雨花区雨河路279号靠近湘府路站', 'clinicId': 1539857844116168705, 'latitude': 0, 'longitude': 0, 'patientId': '1542339069310582785', 'position': '湖南省长沙市雨花区华坤时代', 'sno': 'B220052532000125', 'testDataIds': ['1542339072619761666', '1542339072749785089']}
2022-06-30 10:47:47.069 | INFO     | __main__:create_order_main:93 - 生成订单接口响应内容为:{"busiCode":0,"msg":"请求成功","data":{"orderNo":"B2200525320001252206301047455247","orderPrice":0.01,"orderOriginalPrice":0.01,"orderDiscounts":0.00,"orderStatus":0,"payUrl":"https://qr.95516.com/48020000/10VA2206306754746107063583","needPay":true,"showMoney":true,"showQrCode":true}}
2022-06-30 11:09:46.415 | INFO     | __main__:login:22 - 本次登录获取token为:{'Authorization': 'bearer 18a8d0e0-81e9-4ab3-9aad-b2062f55193c'}
2022-06-30 11:09:46.625 | INFO     | __main__:add_patient:61 - 添加患者接口请求参数为:{'age': 18, 'deviceId': 'B12345678900000', 'month': 0, 'name': '华强测试', 'phone': '13622220000', 'sex': 0, 'termClinicId': 1451134275244101633}
2022-06-30 11:09:46.625 | INFO     | __main__:add_patient:62 - 添加患者接口响应参数为:{"busiCode":0,"msg":"请求成功","data":{"patientId":"1542344618672443393"}}
2022-06-30 11:09:47.871 | INFO     | __main__:start_check:74 - 开始检测接口请求参数为：{'clinicId': 1451134275244101633, 'file': None, 'sno': 'B12345678900000'}
2022-06-30 11:09:47.872 | INFO     | __main__:start_check:75 - 开始检测接口响应内容为:{"busiCode":0,"msg":"请求成功","data":{"stripTypeCode":"18","stripBatch":"2","testPoctDataId":["1542344623407939585","1542344623558934530"],"imgUrl":"https://publicmedia.ehomepoct.com/crpsaa.png","reactTime":5,"warningTips":null,"stripName":"CRP+SAA双联试纸检测(II)"}}
2022-06-30 11:09:49.809 | INFO     | __main__:create_order_main:92 - 生成订单接口请求参数为：{'addressDetail': '湖南省长沙市雨花区华坤时代', 'briefAddress': '湖南省长沙市雨花区雨河路279号靠近湘府路站', 'clinicId': 1451134275244101633, 'latitude': 0, 'longitude': 0, 'patientId': '1542344618672443393', 'position': '湖南省长沙市雨花区华坤时代', 'sno': 'B12345678900000', 'testDataIds': ['1542344623407939585', '1542344623558934530']}
2022-06-30 11:09:49.809 | INFO     | __main__:create_order_main:93 - 生成订单接口响应内容为:{"busiCode":0,"msg":"请求成功","data":{"orderNo":"B123456789000002206301109489337","orderPrice":0.01,"orderOriginalPrice":0.01,"orderDiscounts":0.00,"orderStatus":0,"payUrl":"https://qr.95516.com/48020000/10VA2206301810950116300812","needPay":true,"showMoney":true,"showQrCode":true}}
2022-06-30 11:11:00.411 | INFO     | __main__:login:22 - 本次登录获取token为:{'Authorization': 'bearer 18a8d0e0-81e9-4ab3-9aad-b2062f55193c'}
2022-06-30 11:11:00.572 | INFO     | __main__:add_patient:61 - 添加患者接口请求参数为:{'age': 18, 'deviceId': 'B12345678900001', 'month': 0, 'name': '华强测试', 'phone': '13622220000', 'sex': 0, 'termClinicId': 1542339550324760577}
2022-06-30 11:11:00.573 | INFO     | __main__:add_patient:62 - 添加患者接口响应参数为:{"busiCode":0,"msg":"请求成功","data":{"patientId":"1542344928824573953"}}
2022-06-30 11:11:00.977 | INFO     | __main__:start_check:74 - 开始检测接口请求参数为：{'clinicId': 1542339550324760577, 'file': None, 'sno': 'B12345678900001'}
2022-06-30 11:11:00.977 | INFO     | __main__:start_check:75 - 开始检测接口响应内容为:{"busiCode":-1,"msg":"接口未知异常","data":null}
2022-06-30 11:11:00.977 | ERROR    | __main__:start_check:79 - 开始检测接口响应结果错误，busiCode非预期值：0
2022-06-30 11:11:01.132 | INFO     | __main__:create_order_main:92 - 生成订单接口请求参数为：{'addressDetail': '湖南省长沙市雨花区华坤时代', 'briefAddress': '湖南省长沙市雨花区雨河路279号靠近湘府路站', 'clinicId': 1542339550324760577, 'latitude': 0, 'longitude': 0, 'patientId': '1542344928824573953', 'position': '湖南省长沙市雨花区华坤时代', 'sno': 'B12345678900001', 'testDataIds': None}
2022-06-30 11:11:01.133 | INFO     | __main__:create_order_main:93 - 生成订单接口响应内容为:{"busiCode":-1,"msg":"接口未知异常","data":null}
2022-06-30 11:11:23.390 | INFO     | __main__:login:22 - 本次登录获取token为:{'Authorization': 'bearer 18a8d0e0-81e9-4ab3-9aad-b2062f55193c'}
2022-06-30 11:11:23.554 | INFO     | __main__:add_patient:61 - 添加患者接口请求参数为:{'age': 18, 'deviceId': 'B12345678900001', 'month': 0, 'name': '华强测试', 'phone': '13622220000', 'sex': 0, 'termClinicId': 1542339550324760577}
2022-06-30 11:11:23.554 | INFO     | __main__:add_patient:62 - 添加患者接口响应参数为:{"busiCode":0,"msg":"请求成功","data":{"patientId":"1542345025216753666"}}
2022-06-30 11:11:23.997 | INFO     | __main__:start_check:74 - 开始检测接口请求参数为：{'clinicId': 1542339550324760577, 'file': None, 'sno': 'B12345678900001'}
2022-06-30 11:11:23.997 | INFO     | __main__:start_check:75 - 开始检测接口响应内容为:{"busiCode":-1,"msg":"接口未知异常","data":null}
2022-06-30 11:11:23.997 | ERROR    | __main__:start_check:79 - 开始检测接口响应结果错误，busiCode非预期值：0
2022-06-30 11:11:24.147 | INFO     | __main__:create_order_main:92 - 生成订单接口请求参数为：{'addressDetail': '湖南省长沙市雨花区华坤时代', 'briefAddress': '湖南省长沙市雨花区雨河路279号靠近湘府路站', 'clinicId': 1542339550324760577, 'latitude': 0, 'longitude': 0, 'patientId': '1542345025216753666', 'position': '湖南省长沙市雨花区华坤时代', 'sno': 'B12345678900001', 'testDataIds': None}
2022-06-30 11:11:24.147 | INFO     | __main__:create_order_main:93 - 生成订单接口响应内容为:{"busiCode":-1,"msg":"接口未知异常","data":null}
2022-06-30 23:23:13.224 | INFO     | utils.login:login_test:22 - 本次登录获取token为:{'Authorization': 'bearer be476736-e973-4868-9545-c4701cdb99a5'}
2022-06-30 23:23:14.015 | INFO     | utils.get_clinic_info_test:bind_gold_blood_device:71 - 绑定设备接口请求参数{'clinicId': 1442079173893074946, 'ids': [1386932628008534018], 'operateType': 1}
2022-06-30 23:23:14.016 | INFO     | utils.get_clinic_info_test:bind_gold_blood_device:72 - 绑定设备接口返回参数{"busiCode":201,"msg":"一个诊所只能绑定同种设备一次","data":null}
2022-06-30 23:23:14.119 | INFO     | utils.get_clinic_info_test:bind_gold_blood_device:71 - 绑定设备接口请求参数{'clinicId': 1442079173893074946, 'ids': [1430833509662535682], 'operateType': 1}
2022-06-30 23:23:14.119 | INFO     | utils.get_clinic_info_test:bind_gold_blood_device:72 - 绑定设备接口返回参数{"busiCode":201,"msg":"一个诊所只能绑定同种设备一次","data":null}
2022-06-30 23:23:14.302 | INFO     | gold_check.gold_check_test:add_patient:57 - 添加患者接口请求参数为:{'age': 18, 'deviceId': 'B221031135000149', 'month': 0, 'name': '华强测试', 'phone': '13622220000', 'sex': 0, 'termClinicId': 1442079173893074946}
2022-06-30 23:23:14.303 | INFO     | gold_check.gold_check_test:add_patient:58 - 添加患者接口响应参数为:{"busiCode":0,"msg":"请求成功","data":{"patientId":"1542529201093541890"}}
2022-06-30 23:23:14.417 | INFO     | gold_check.gold_check_test:start_check:70 - 开始检测接口请求参数为：{'clinicId': 1442079173893074946, 'file': None, 'sno': 'B221031135000149'}
2022-06-30 23:23:14.417 | INFO     | gold_check.gold_check_test:start_check:71 - 开始检测接口响应内容为:{"busiCode":415,"msg":"不支持的媒体类型","data":null}
2022-06-30 23:23:14.418 | ERROR    | gold_check.gold_check_test:start_check:75 - 开始检测接口响应结果错误，busiCode非预期值：0
2022-06-30 23:23:14.521 | INFO     | gold_check.gold_check_test:create_order:88 - 生成订单接口请求参数为：{'addressDetail': '湖南省长沙市雨花区华坤时代', 'briefAddress': '湖南省长沙市雨花区雨河路279号靠近湘府路站', 'clinicId': 1442079173893074946, 'latitude': 0, 'longitude': 0, 'patientId': '1542529201093541890', 'position': '湖南省长沙市雨花区华坤时代', 'sno': 'B221031135000149', 'testDataIds': None}
2022-06-30 23:23:14.521 | INFO     | gold_check.gold_check_test:create_order:89 - 生成订单接口响应内容为:{"busiCode":-1,"msg":"接口未知异常","data":null}
2022-06-30 23:23:14.595 | INFO     | gold_check.gold_check_test:call_back:106 - 支付回调接口请求参数为：{'clinicId': 1442079173893074946, 'file': None, 'sno': 'B221031135000149'}
2022-06-30 23:23:14.595 | INFO     | gold_check.gold_check_test:call_back:107 - 支付回调接口响应内容为:{"busiCode":0,"msg":"请求成功","data":null}
2022-06-30 23:25:21.505 | INFO     | utils.login:login_test:22 - 本次登录获取token为:{'Authorization': 'bearer be476736-e973-4868-9545-c4701cdb99a5'}
2022-06-30 23:25:22.095 | INFO     | utils.get_clinic_info_test:bind_gold_blood_device:71 - 绑定设备接口请求参数{'clinicId': 1442079173893074946, 'ids': [1386932628008534018], 'operateType': 1}
2022-06-30 23:25:22.095 | INFO     | utils.get_clinic_info_test:bind_gold_blood_device:72 - 绑定设备接口返回参数{"busiCode":201,"msg":"一个诊所只能绑定同种设备一次","data":null}
2022-06-30 23:25:22.196 | INFO     | utils.get_clinic_info_test:bind_gold_blood_device:71 - 绑定设备接口请求参数{'clinicId': 1442079173893074946, 'ids': [1430833509662535682], 'operateType': 1}
2022-06-30 23:25:22.196 | INFO     | utils.get_clinic_info_test:bind_gold_blood_device:72 - 绑定设备接口返回参数{"busiCode":201,"msg":"一个诊所只能绑定同种设备一次","data":null}
2022-06-30 23:25:22.378 | INFO     | gold_check.gold_check_test:add_patient:57 - 添加患者接口请求参数为:{'age': 18, 'deviceId': 'B221031135000149', 'month': 0, 'name': '华强测试', 'phone': '13622220000', 'sex': 0, 'termClinicId': 1442079173893074946}
2022-06-30 23:25:22.378 | INFO     | gold_check.gold_check_test:add_patient:58 - 添加患者接口响应参数为:{"busiCode":0,"msg":"请求成功","data":{"patientId":"1542529738295803905"}}
2022-06-30 23:25:22.475 | INFO     | gold_check.gold_check_test:start_check:70 - 开始检测接口请求参数为：{'clinicId': 1442079173893074946, 'file': None, 'sno': 'B221031135000149'}
2022-06-30 23:25:22.475 | INFO     | gold_check.gold_check_test:start_check:71 - 开始检测接口响应内容为:{"busiCode":415,"msg":"不支持的媒体类型","data":null}
2022-06-30 23:25:22.475 | ERROR    | gold_check.gold_check_test:start_check:75 - 开始检测接口响应结果错误，busiCode非预期值：0
2022-06-30 23:25:22.643 | INFO     | gold_check.gold_check_test:create_order:88 - 生成订单接口请求参数为：{'addressDetail': '湖南省长沙市雨花区华坤时代', 'briefAddress': '湖南省长沙市雨花区雨河路279号靠近湘府路站', 'clinicId': 1442079173893074946, 'latitude': 0, 'longitude': 0, 'patientId': '1542529738295803905', 'position': '湖南省长沙市雨花区华坤时代', 'sno': 'B221031135000149', 'testDataIds': None}
2022-06-30 23:25:22.643 | INFO     | gold_check.gold_check_test:create_order:89 - 生成订单接口响应内容为:{"busiCode":-1,"msg":"接口未知异常","data":null}
2022-06-30 23:25:22.915 | INFO     | gold_check.gold_check_test:call_back:106 - 支付回调接口请求参数为：{'clinicId': 1442079173893074946, 'file': None, 'sno': 'B221031135000149'}
2022-06-30 23:25:22.915 | INFO     | gold_check.gold_check_test:call_back:107 - 支付回调接口响应内容为:{"busiCode":0,"msg":"请求成功","data":null}
2022-06-30 23:27:26.058 | INFO     | utils.login:login_test:22 - 本次登录获取token为:{'Authorization': 'bearer be476736-e973-4868-9545-c4701cdb99a5'}
2022-06-30 23:27:26.708 | INFO     | utils.get_clinic_info_test:bind_gold_blood_device:71 - 绑定设备接口请求参数{'clinicId': 1442079173893074946, 'ids': [1386932628008534018], 'operateType': 1}
2022-06-30 23:27:26.708 | INFO     | utils.get_clinic_info_test:bind_gold_blood_device:72 - 绑定设备接口返回参数{"busiCode":201,"msg":"一个诊所只能绑定同种设备一次","data":null}
2022-06-30 23:27:26.815 | INFO     | utils.get_clinic_info_test:bind_gold_blood_device:71 - 绑定设备接口请求参数{'clinicId': 1442079173893074946, 'ids': [1430833509662535682], 'operateType': 1}
2022-06-30 23:27:26.815 | INFO     | utils.get_clinic_info_test:bind_gold_blood_device:72 - 绑定设备接口返回参数{"busiCode":201,"msg":"一个诊所只能绑定同种设备一次","data":null}
2022-06-30 23:27:26.996 | INFO     | __main__:add_patient:57 - 添加患者接口请求参数为:{'age': 18, 'deviceId': 'B221031135000149', 'month': 0, 'name': '华强测试', 'phone': '13622220000', 'sex': 0, 'termClinicId': 1442079173893074946}
2022-06-30 23:27:26.997 | INFO     | __main__:add_patient:58 - 添加患者接口响应参数为:{"busiCode":0,"msg":"请求成功","data":{"patientId":"1542530260989968385"}}
2022-06-30 23:27:28.994 | INFO     | __main__:start_check:70 - 开始检测接口请求参数为：{'clinicId': 1442079173893074946, 'file': None, 'sno': 'B221031135000149'}
2022-06-30 23:27:28.994 | INFO     | __main__:start_check:71 - 开始检测接口响应内容为:{"busiCode":0,"msg":"请求成功","data":{"stripTypeCode":"4","stripBatch":"38","testPoctDataId":["1542530265029083137"],"imgUrl":"http://publicmedia.ehomepoct.com/jbyimage/CRP.png","reactTime":5,"warningTips":null,"stripName":"CRP检测(XXXVIII)"}}
2022-06-30 23:27:30.014 | INFO     | __main__:create_order:88 - 生成订单接口请求参数为：{'addressDetail': '湖南省长沙市雨花区华坤时代', 'briefAddress': '湖南省长沙市雨花区雨河路279号靠近湘府路站', 'clinicId': 1442079173893074946, 'latitude': 0, 'longitude': 0, 'patientId': '1542530260989968385', 'position': '湖南省长沙市雨花区华坤时代', 'sno': 'B221031135000149', 'testDataIds': ['1542530265029083137']}
2022-06-30 23:27:30.014 | INFO     | __main__:create_order:89 - 生成订单接口响应内容为:{"busiCode":0,"msg":"请求成功","data":{"orderNo":"B2210311350001492206302327299616","orderPrice":24.50,"orderOriginalPrice":24.50,"orderDiscounts":0.00,"orderStatus":0,"payUrl":"https://qr.95516.com/48020000/10VA2206306612730234454223","needPay":true,"showMoney":true,"showQrCode":true}}
2022-06-30 23:27:30.215 | INFO     | __main__:call_back:106 - 支付回调接口请求参数为：{'clinicId': 1442079173893074946, 'file': None, 'sno': 'B221031135000149'}
2022-06-30 23:27:30.215 | INFO     | __main__:call_back:107 - 支付回调接口响应内容为:{"busiCode":0,"msg":"请求成功","data":null}
2022-06-30 23:50:54.555 | INFO     | utils.login:login_test:22 - 本次登录获取token为:{'Authorization': 'bearer be476736-e973-4868-9545-c4701cdb99a5'}
2022-06-30 23:50:55.246 | INFO     | utils.get_clinic_info_test:bind_gold_blood_device:71 - 绑定设备接口请求参数{'clinicId': 1442079173893074946, 'ids': [1386932628008534018], 'operateType': 1}
2022-06-30 23:50:55.246 | INFO     | utils.get_clinic_info_test:bind_gold_blood_device:72 - 绑定设备接口返回参数{"busiCode":201,"msg":"一个诊所只能绑定同种设备一次","data":null}
2022-06-30 23:50:55.348 | INFO     | utils.get_clinic_info_test:bind_gold_blood_device:71 - 绑定设备接口请求参数{'clinicId': 1442079173893074946, 'ids': [1430833509662535682], 'operateType': 1}
2022-06-30 23:50:55.348 | INFO     | utils.get_clinic_info_test:bind_gold_blood_device:72 - 绑定设备接口返回参数{"busiCode":201,"msg":"一个诊所只能绑定同种设备一次","data":null}
2022-06-30 23:50:55.519 | INFO     | gold_check.gold_check_test:add_patient:57 - 添加患者接口请求参数为:{'age': 18, 'deviceId': 'B221031135000149', 'month': 0, 'name': '华强测试', 'phone': '13622220000', 'sex': 0, 'termClinicId': 1442079173893074946}
2022-06-30 23:50:55.519 | INFO     | gold_check.gold_check_test:add_patient:58 - 添加患者接口响应参数为:{"busiCode":0,"msg":"请求成功","data":{"patientId":"1542536168784592898"}}
2022-06-30 23:50:55.598 | INFO     | gold_check.gold_check_test:start_check:70 - 开始检测接口请求参数为：{'clinicId': 1442079173893074946, 'file': None, 'sno': 'B221031135000149'}
2022-06-30 23:50:55.598 | INFO     | gold_check.gold_check_test:start_check:71 - 开始检测接口响应内容为:{"busiCode":415,"msg":"不支持的媒体类型","data":null}
2022-06-30 23:50:55.598 | ERROR    | gold_check.gold_check_test:start_check:75 - 开始检测接口响应结果错误，busiCode非预期值：0
2022-06-30 23:50:55.676 | INFO     | gold_check.gold_check_test:create_order:88 - 生成订单接口请求参数为：{'addressDetail': '湖南省长沙市雨花区华坤时代', 'briefAddress': '湖南省长沙市雨花区雨河路279号靠近湘府路站', 'clinicId': 1442079173893074946, 'latitude': 0, 'longitude': 0, 'patientId': '1542536168784592898', 'position': '湖南省长沙市雨花区华坤时代', 'sno': 'B221031135000149', 'testDataIds': None}
2022-06-30 23:50:55.677 | INFO     | gold_check.gold_check_test:create_order:89 - 生成订单接口响应内容为:{"busiCode":-1,"msg":"接口未知异常","data":null}
2022-06-30 23:50:55.825 | INFO     | gold_check.gold_check_test:call_back:106 - 支付回调接口请求参数为：{'clinicId': 1442079173893074946, 'file': None, 'sno': 'B221031135000149'}
2022-06-30 23:50:55.825 | INFO     | gold_check.gold_check_test:call_back:107 - 支付回调接口响应内容为:{"busiCode":0,"msg":"请求成功","data":null}
2022-06-30 23:52:52.835 | INFO     | utils.login:login_test:22 - 本次登录获取token为:{'Authorization': 'bearer be476736-e973-4868-9545-c4701cdb99a5'}
2022-06-30 23:52:53.453 | INFO     | utils.get_clinic_info_test:bind_gold_blood_device:71 - 绑定设备接口请求参数{'clinicId': 1442079173893074946, 'ids': [1386932628008534018], 'operateType': 1}
2022-06-30 23:52:53.453 | INFO     | utils.get_clinic_info_test:bind_gold_blood_device:72 - 绑定设备接口返回参数{"busiCode":201,"msg":"一个诊所只能绑定同种设备一次","data":null}
2022-06-30 23:52:53.558 | INFO     | utils.get_clinic_info_test:bind_gold_blood_device:71 - 绑定设备接口请求参数{'clinicId': 1442079173893074946, 'ids': [1430833509662535682], 'operateType': 1}
2022-06-30 23:52:53.558 | INFO     | utils.get_clinic_info_test:bind_gold_blood_device:72 - 绑定设备接口返回参数{"busiCode":201,"msg":"一个诊所只能绑定同种设备一次","data":null}
2022-06-30 23:52:53.729 | INFO     | __main__:add_patient:57 - 添加患者接口请求参数为:{'age': 18, 'deviceId': 'B221031135000149', 'month': 0, 'name': '华强测试', 'phone': '13622220000', 'sex': 0, 'termClinicId': 1442079173893074946}
2022-06-30 23:52:53.729 | INFO     | __main__:add_patient:58 - 添加患者接口响应参数为:{"busiCode":0,"msg":"请求成功","data":{"patientId":"1542536664601657346"}}
2022-06-30 23:52:55.064 | INFO     | __main__:start_check:70 - 开始检测接口请求参数为：{'clinicId': 1442079173893074946, 'file': None, 'sno': 'B221031135000149'}
2022-06-30 23:52:55.064 | INFO     | __main__:start_check:71 - 开始检测接口响应内容为:{"busiCode":0,"msg":"请求成功","data":{"stripTypeCode":"4","stripBatch":"38","testPoctDataId":["1542536668900818945"],"imgUrl":"http://publicmedia.ehomepoct.com/jbyimage/CRP.png","reactTime":5,"warningTips":null,"stripName":"CRP检测(XXXVIII)"}}
2022-06-30 23:52:55.886 | INFO     | __main__:create_order:88 - 生成订单接口请求参数为：{'addressDetail': '湖南省长沙市雨花区华坤时代', 'briefAddress': '湖南省长沙市雨花区雨河路279号靠近湘府路站', 'clinicId': 1442079173893074946, 'latitude': 0, 'longitude': 0, 'patientId': '1542536664601657346', 'position': '湖南省长沙市雨花区华坤时代', 'sno': 'B221031135000149', 'testDataIds': ['1542536668900818945']}
2022-06-30 23:52:55.887 | INFO     | __main__:create_order:89 - 生成订单接口响应内容为:{"busiCode":0,"msg":"请求成功","data":{"orderNo":"B2210311350001492206302352552900","orderPrice":24.50,"orderOriginalPrice":24.50,"orderDiscounts":0.00,"orderStatus":0,"payUrl":"https://qr.95516.com/48020000/10VA2206306215256233370933","needPay":true,"showMoney":true,"showQrCode":true}}
2022-06-30 23:52:56.057 | INFO     | __main__:call_back:106 - 支付回调接口请求参数为：{'clinicId': 1442079173893074946, 'file': None, 'sno': 'B221031135000149'}
2022-06-30 23:52:56.057 | INFO     | __main__:call_back:107 - 支付回调接口响应内容为:{"busiCode":0,"msg":"请求成功","data":null}
